Listening on http://localhost:8080
Updating session for user 79cc192a-82da-477e-bebb-0e13735b2905
Parsing session from request...
Session is parsed!
Listening on http://localhost:8080
Updating session for user 9399da9e-8e79-477f-a9d4-d6d45a894b93
Parsing session from request...
Session is parsed!
sending param pause
sending param pause
sending param pause
sending param pause
Listening on http://localhost:8080
Updating session for user dc7e2b09-0c93-4ba5-b772-82a0b54d77f7
Parsing session from request...
Session is parsed!
Listening on http://localhost:8080
Updating session for user 65a0b702-d9ea-4ffe-8cf2-ef056e8d7d34
Parsing session from request...
Session is parsed!
Listening on http://localhost:8080
Updating session for user d212ff2a-6bb1-40b6-9caf-1ac5443e41e5
Parsing session from request...
Session is parsed!
Listening on http://localhost:8080
Updating session for user f9793318-aa68-42bc-8770-51d7a5e420e9
Parsing session from request...
Session is parsed!
Listening on http://localhost:8080
Updating session for user 2c02ad14-da40-47aa-b0d9-eb9b5140a255
Parsing session from request...
Session is parsed!
Listening on http://localhost:8080
Updating session for user 0b37595d-5905-4bc4-bff2-fc8581c0c1f7
Parsing session from request...
Session is parsed!
sending param pause
sending param pause
Closed session with user 0b37595d-5905-4bc4-bff2-fc8581c0c1f7
Updating session for user 3c5be971-7418-44a2-b573-4d808f55d78a
Parsing session from request...
Session is parsed!
Closed session with user 3c5be971-7418-44a2-b573-4d808f55d78a
Updating session for user 5708817a-62e3-419a-9599-52cd356df516
Parsing session from request...
Session is parsed!
Closed session with user 5708817a-62e3-419a-9599-52cd356df516
Updating session for user 7c01a4a8-9244-41e9-99dd-e4645c5c5970
Parsing session from request...
Session is parsed!
Closed session with user 7c01a4a8-9244-41e9-99dd-e4645c5c5970
Updating session for user 5f8c0dca-3a8c-4ded-881e-c19d5acd6a3c
Parsing session from request...
Session is parsed!
Closed session with user 5f8c0dca-3a8c-4ded-881e-c19d5acd6a3c
Updating session for user 1f0e507f-16bb-48ea-9f13-1c237c9362f1
Parsing session from request...
Session is parsed!
Closed session with user 1f0e507f-16bb-48ea-9f13-1c237c9362f1
Updating session for user e47c031f-76ac-47d6-bcbc-db63407c089e
Parsing session from request...
Session is parsed!
Closed session with user e47c031f-76ac-47d6-bcbc-db63407c089e
Updating session for user d0e3ab95-3ff0-4483-a1c7-afa52fc17342
Parsing session from request...
Session is parsed!
Closed session with user d0e3ab95-3ff0-4483-a1c7-afa52fc17342
Updating session for user f31f6d0a-c14e-45ac-a2c3-55362400ef77
Parsing session from request...
Session is parsed!
sending param pause
sending param pause
Closed session with user f31f6d0a-c14e-45ac-a2c3-55362400ef77
Updating session for user 3f0d23b4-4497-485a-b83f-e0224cf6bbe7
Parsing session from request...
Session is parsed!
sending param pause
sending param pause
sending param pause
sending param skipcredits
sending param pause
sending param pause
sending param pause
sending param pause
sending param pause
sending param pause
sending param pause
sending param pause
sending param pause
sending param pause
sending param pause
sending param jumpback
Closed session with user 3f0d23b4-4497-485a-b83f-e0224cf6bbe7
Updating session for user 58a4ccab-c380-4178-961e-07d9c56e8f83
Parsing session from request...
Session is parsed!
Closed session with user 58a4ccab-c380-4178-961e-07d9c56e8f83
Updating session for user 74c2fc8a-4cf1-4d0e-85d8-01f3d246918b
Parsing session from request...
Session is parsed!
sending param pause
sending param pause
sending param pause
sending param pause
sending param pause
sending param jumpback
sending param jumpback
sending param jumpback
sending param jumpback
sending param jumpback
sending param jumpback
sending param jumpback
sending param jumpback
sending param jumpback
sending param jumpback
sending param pause
sending param pause
sending param jumpahead
sending param jumpback
sending param jumpback
sending param jumpback
sending param jumpback
sending param jumpback
sending param jumpback
sending param pause
sending param pause
Closed session with user 74c2fc8a-4cf1-4d0e-85d8-01f3d246918b
Updating session for user cfaff6c3-911d-4e92-be9c-0cdcdfbce7bd
Parsing session from request...
Session is parsed!
Closed session with user cfaff6c3-911d-4e92-be9c-0cdcdfbce7bd
Updating session for user a026a39d-b5c5-4af0-a542-1281f8233572
Parsing session from request...
Session is parsed!
sending param pause
sending param pause
sending param pause
sending param pause
sending param pause
sending param pause
sending param skipcredits
sending param pause
Closed session with user a026a39d-b5c5-4af0-a542-1281f8233572
Updating session for user 1e7db328-a086-419b-acdd-5ec0b94f5a27
Parsing session from request...
Session is parsed!
sending param pause
sending param pause
sending param pause
sending param pause
sending param pause
sending param pause
sending param pause
sending param pause
sending param pause
sending param pause
sending param skipcredits
Closed session with user 1e7db328-a086-419b-acdd-5ec0b94f5a27
Listening on http://localhost:8080
Updating session for user 1aa893fc-d6d0-48ef-9164-dab6bc1f5b6e
Parsing session from request...
Session is parsed!
sending param pause
Closed session with user 1aa893fc-d6d0-48ef-9164-dab6bc1f5b6e
Listening on http://localhost:8080
Listening on http://localhost:8080
Listening on http://localhost:8080
Listening on http://localhost:8080
Updating session for user 45f20fb1-3970-4f1e-b817-1f7f3ab32792
Parsing session from request...
Session is parsed!
sending param skipcredits
sending param pause
sending param pause
sending param pause
sending param pause
sending param pause
sending param pause
sending param pause
sending param pause
sending param pause
sending param pause
sending param pause
sending param pause
sending param pause
sending param skipcredits
sending param skipcredits
sending param skipcredits
sending param skipcredits
sending param skipcredits
sending param skipcredits
sending param skipcredits
sending param skipcredits
sending param skipcredits
sending param skipcredits
sending param skipcredits
sending param skipcredits
sending param skipcredits
